<?xml version="1.0" encoding="UTF-8"?>
<!-- Generated by org.testng.reporters.JUnitXMLReporter -->
<testsuite ignored="0" hostname="BOOK-T43CJUDFP3" failures="0" tests="3" name="Test-2" time="27.043" errors="0" timestamp="2025-11-07T10:43:04 IST">
  <testcase classname="com.comcast.crm.orgtest.CreateOrganizationTest" name="createOrgWithIndustryTest" time="6.642"/>
  <testcase classname="com.comcast.crm.orgtest.CreateOrganizationTest" name="createOrgWithTypeTest" time="5.404"/>
  <testcase classname="com.comcast.crm.orgtest.CreateOrganizationTest" name="createOrganizationTest" time="5.188"/>
</testsuite> <!-- Test-2 -->
