<?xml version="1.0" encoding="UTF-8"?>
<!-- Generated by org.testng.reporters.JUnitReportReporter -->
<testsuite hostname="BOOK-T43CJUDFP3" failures="0" tests="2" name="com.comcast.crm.calendartest.CreateAnEvent" time="19.899" errors="0" timestamp="2025-11-07T10:41:38 IST" skipped="0">
  <testcase classname="com.comcast.crm.calendartest.CreateAnEvent" name="createACallEvent" time="11.084"/>
  <testcase classname="com.comcast.crm.calendartest.CreateAnEvent" name="createAToDo" time="8.815"/>
  <system-out>
    <![CDATA[Navigated to Home Page
Navigated to Contact Page
Creating a New Contact
Navigated to Home Page
Navigated to Organization Page]]>
  </system-out>
</testsuite> <!-- com.comcast.crm.calendartest.CreateAnEvent -->
