<?xml version="1.0" encoding="UTF-8"?>
<!-- Generated by org.testng.reporters.JUnitReportReporter -->
<testsuite hostname="BOOK-T43CJUDFP3" failures="0" tests="3" name="com.comcast.crm.orgtest.CreateOrganizationTest" time="25.250" errors="0" timestamp="2025-11-07T10:43:05 IST" skipped="0">
  <testcase classname="com.comcast.crm.orgtest.CreateOrganizationTest" name="createOrgWithTypeTest" time="8.110">
    <system-out>
      <![CDATA[Navigated to Home Page
Navigated to Organization Page
Tesla2307 Organization Created
Tesla2307 Info Verified
Partner Info VErified
OrgID: ACC38981]]>
    </system-out>
  </testcase> <!-- createOrgWithTypeTest -->
  <testcase classname="com.comcast.crm.orgtest.CreateOrganizationTest" name="createOrganizationTest" time="7.713">
    <system-out>
      <![CDATA[Navigated to Home Page
Navigated to Organization Page
ISRO106 Organization Created
ISRO106 Info Verified
OrgID: ACC38982]]>
    </system-out>
  </testcase> <!-- createOrganizationTest -->
  <testcase classname="com.comcast.crm.orgtest.CreateOrganizationTest" name="createOrgWithIndustryTest" time="9.427">
    <system-out>
      <![CDATA[Navigated to Home Page
Navigated to Organization Page
Amazon2694 Organization Created
Amazon2694 Info Verified
Education Info Verified
OrgID: ACC38980]]>
    </system-out>
  </testcase> <!-- createOrgWithIndustryTest -->
  <system-out>
    <![CDATA[Navigated to Home Page
Navigated to Organization Page
Amazon2694 Organization Created
Amazon2694 Info Verified
Education Info Verified
OrgID: ACC38980
Navigated to Home Page
Navigated to Organization Page
Tesla2307 Organization Created
Tesla2307 Info Verified
Partner Info VErified
OrgID: ACC38981
Navigated to Home Page
Navigated to Organization Page
ISRO106 Organization Created
ISRO106 Info Verified
OrgID: ACC38982]]>
  </system-out>
</testsuite> <!-- com.comcast.crm.orgtest.CreateOrganizationTest -->
