<?xml version="1.0" encoding="UTF-8"?>
<!-- Generated by org.testng.reporters.JUnitReportReporter -->
<testsuite hostname="BOOK-T43CJUDFP3" failures="0" tests="1" name="com.comcast.crm.trouble_ticketstest.CreateTroubleTicket" time="15.978" errors="0" timestamp="2025-11-03T11:09:56 IST" skipped="0">
  <testcase classname="com.comcast.crm.trouble_ticketstest.CreateTroubleTicket" name="createTroubleTicketTest" time="15.978">
    <system-out>
      <![CDATA[Contact Created
Contact Created
Trouble Ticket Created]]>
    </system-out>
  </testcase> <!-- createTroubleTicketTest -->
  <system-out>
    <![CDATA[CON22802
Product Created
Vendor Created
Product Created
Navigated to Calender Page
Add and Event Page Opened
Filled the details and Saved
Escalation Call Event Created===> Success
Call Event Created
Navigated to Calender Page
Create ToDo Page Opened
Filled Details and Saved
Bug Triage ToDo Created ===> Success
ToDo Created
72183
Contact Created
Contact Created
Trouble Ticket Created]]>
  </system-out>
</testsuite> <!-- com.comcast.crm.trouble_ticketstest.CreateTroubleTicket -->
