<?xml version="1.0" encoding="UTF-8"?>
<testng-results ignored="0" total="6" passed="3" failed="3" skipped="0">
  <reporter-output>
    <line>
      <![CDATA[Navigated to Home Page]]>
    </line>
    <line>
      <![CDATA[Navigated to Organization Page]]>
    </line>
    <line>
      <![CDATA[Amazon2694 Organization Created]]>
    </line>
    <line>
      <![CDATA[Amazon2694 Info Verified]]>
    </line>
    <line>
      <![CDATA[Education Info Verified]]>
    </line>
    <line>
      <![CDATA[OrgID: ACC38980]]>
    </line>
    <line>
      <![CDATA[Navigated to Home Page]]>
    </line>
    <line>
      <![CDATA[Navigated to Organization Page]]>
    </line>
    <line>
      <![CDATA[Tesla2307 Organization Created]]>
    </line>
    <line>
      <![CDATA[Tesla2307 Info Verified]]>
    </line>
    <line>
      <![CDATA[Partner Info VErified]]>
    </line>
    <line>
      <![CDATA[OrgID: ACC38981]]>
    </line>
    <line>
      <![CDATA[Navigated to Home Page]]>
    </line>
    <line>
      <![CDATA[Navigated to Organization Page]]>
    </line>
    <line>
      <![CDATA[ISRO106 Organization Created]]>
    </line>
    <line>
      <![CDATA[ISRO106 Info Verified]]>
    </line>
    <line>
      <![CDATA[OrgID: ACC38982]]>
    </line>
  </reporter-output>
  <suite started-at="2025-11-07T10:42:37 IST" name="Suite" finished-at="2025-11-07T10:43:04 IST" duration-ms="27043">
    <groups>
      <group name="regressionTest">
        <method signature="CreateOrganizationTest.createOrgWithIndustryTest()[pri:0, instance:com.comcast.crm.orgtest.CreateOrganizationTest@5542c4ed]" name="createOrgWithIndustryTest" class="com.comcast.crm.orgtest.CreateOrganizationTest"/>
        <method signature="CreateOrganizationTest.createOrgWithTypeTest()[pri:0, instance:com.comcast.crm.orgtest.CreateOrganizationTest@5542c4ed]" name="createOrgWithTypeTest" class="com.comcast.crm.orgtest.CreateOrganizationTest"/>
        <method signature="CreateContactTest.createContactWithMobileTest()[pri:0, instance:com.comcast.crm.contacttest.CreateContactTest@43c1b556]" name="createContactWithMobileTest" class="com.comcast.crm.contacttest.CreateContactTest"/>
        <method signature="CreateContactTest.createContactWithOrgTest()[pri:0, instance:com.comcast.crm.contacttest.CreateContactTest@43c1b556]" name="createContactWithOrgTest" class="com.comcast.crm.contacttest.CreateContactTest"/>
      </group> <!-- regressionTest -->
      <group name="smokeTest">
        <method signature="CreateOrganizationTest.createOrganizationTest()[pri:0, instance:com.comcast.crm.orgtest.CreateOrganizationTest@5542c4ed]" name="createOrganizationTest" class="com.comcast.crm.orgtest.CreateOrganizationTest"/>
        <method signature="CreateContactTest.createContactTest()[pri:0, instance:com.comcast.crm.contacttest.CreateContactTest@43c1b556]" name="createContactTest" class="com.comcast.crm.contacttest.CreateContactTest"/>
      </group> <!-- smokeTest -->
    </groups>
    <test started-at="2025-11-07T10:42:37 IST" name="Test-1" finished-at="2025-11-07T10:42:51 IST" duration-ms="13960">
      <class name="com.comcast.crm.contacttest.CreateContactTest">
        <test-method is-config="true" signature="beforeSuiteConfig()[pri:0, instance:com.comcast.crm.contacttest.CreateContactTest@43c1b556]" started-at="2025-11-07T10:42:36 IST" name="beforeSuiteConfig" finished-at="2025-11-07T10:42:37 IST" duration-ms="595" status="PASS">
          <reporter-output>
          </reporter-output>
        </test-method> <!-- beforeSuiteConfig -->
        <test-method is-config="true" signature="beforeClassConfig(java.lang.String)[pri:0, instance:com.comcast.crm.contacttest.CreateContactTest@43c1b556]" started-at="2025-11-07T10:42:37 IST" name="beforeClassConfig" finished-at="2025-11-07T10:42:38 IST" duration-ms="1464" status="PASS">
          <params>
            <param index="0">
              <value>
                <![CDATA[chrome]]>
              </value>
            </param>
          </params>
          <reporter-output>
          </reporter-output>
        </test-method> <!-- beforeClassConfig -->
        <test-method is-config="true" signature="beforeMethodConfig()[pri:0, instance:com.comcast.crm.contacttest.CreateContactTest@43c1b556]" started-at="2025-11-07T10:42:38 IST" name="beforeMethodConfig" finished-at="2025-11-07T10:42:39 IST" duration-ms="758" status="PASS">
          <reporter-output>
          </reporter-output>
        </test-method> <!-- beforeMethodConfig -->
        <test-method signature="createContactTest()[pri:0, instance:com.comcast.crm.contacttest.CreateContactTest@43c1b556]" started-at="2025-11-07T10:42:39 IST" name="createContactTest" finished-at="2025-11-07T10:42:39 IST" duration-ms="1" status="FAIL">
          <exception class="java.lang.NullPointerException">
            <message>
              <![CDATA[Cannot invoke "com.aventstack.extentreports.ExtentReports.createTest(String)" because "this.report" is null]]>
            </message>
            <full-stacktrace>
              <![CDATA[java.lang.NullPointerException: Cannot invoke "com.aventstack.extentreports.ExtentReports.createTest(String)" because "this.report" is null
at com.comcast.crm.generic.listeners.ListenersImpl.onTestStart(ListenersImpl.java:47)
at org.testng.internal.TestListenerHelper.runTestListeners(TestListenerHelper.java:122)
at org.testng.internal.invokers.TestInvoker.runTestResultListener(TestInvoker.java:285)
at org.testng.internal.invokers.TestInvoker.invokeMethod(TestInvoker.java:647)
at org.testng.internal.invokers.TestInvoker.invokeTestMethod(TestInvoker.java:230)
at org.testng.internal.invokers.MethodRunner.runInSequence(MethodRunner.java:63)
at org.testng.internal.invokers.TestInvoker$MethodInvocationAgent.invoke(TestInvoker.java:992)
at org.testng.internal.invokers.TestInvoker.invokeTestMethods(TestInvoker.java:203)
at org.testng.internal.invokers.TestMethodWorker.invokeTestMethods(TestMethodWorker.java:154)
at org.testng.internal.invokers.TestMethodWorker.run(TestMethodWorker.java:134)
at java.base/java.util.ArrayList.forEach(ArrayList.java:1596)
at org.testng.TestRunner.privateRun(TestRunner.java:739)
at org.testng.TestRunner.run(TestRunner.java:614)
at org.testng.SuiteRunner.runTest(SuiteRunner.java:421)
at org.testng.SuiteRunner$SuiteWorker.run(SuiteRunner.java:463)
at org.testng.internal.thread.ThreadUtil.lambda$execute$0(ThreadUtil.java:64)
at java.base/java.util.concurrent.FutureTask.run(FutureTask.java:317)
at java.base/java.util.concurrent.ThreadPoolExecutor.runWorker(ThreadPoolExecutor.java:1144)
at java.base/java.util.concurrent.ThreadPoolExecutor$Worker.run(ThreadPoolExecutor.java:642)
at java.base/java.lang.Thread.run(Thread.java:1583)
]]>
            </full-stacktrace>
          </exception> <!-- java.lang.NullPointerException -->
          <reporter-output>
          </reporter-output>
        </test-method> <!-- createContactTest -->
        <test-method is-config="true" signature="afterMethodCongig()[pri:0, instance:com.comcast.crm.contacttest.CreateContactTest@43c1b556]" started-at="2025-11-07T10:42:40 IST" name="afterMethodCongig" finished-at="2025-11-07T10:42:42 IST" duration-ms="1966" status="PASS">
          <reporter-output>
          </reporter-output>
        </test-method> <!-- afterMethodCongig -->
        <test-method is-config="true" signature="beforeMethodConfig()[pri:0, instance:com.comcast.crm.contacttest.CreateContactTest@43c1b556]" started-at="2025-11-07T10:42:42 IST" name="beforeMethodConfig" finished-at="2025-11-07T10:42:44 IST" duration-ms="1563" status="PASS">
          <reporter-output>
          </reporter-output>
        </test-method> <!-- beforeMethodConfig -->
        <test-method signature="createContactWithMobileTest()[pri:0, instance:com.comcast.crm.contacttest.CreateContactTest@43c1b556]" started-at="2025-11-07T10:42:44 IST" name="createContactWithMobileTest" finished-at="2025-11-07T10:42:44 IST" duration-ms="0" status="FAIL">
          <exception class="java.lang.NullPointerException">
            <message>
              <![CDATA[Cannot invoke "com.aventstack.extentreports.ExtentReports.createTest(String)" because "this.report" is null]]>
            </message>
            <full-stacktrace>
              <![CDATA[java.lang.NullPointerException: Cannot invoke "com.aventstack.extentreports.ExtentReports.createTest(String)" because "this.report" is null
at com.comcast.crm.generic.listeners.ListenersImpl.onTestStart(ListenersImpl.java:47)
at org.testng.internal.TestListenerHelper.runTestListeners(TestListenerHelper.java:122)
at org.testng.internal.invokers.TestInvoker.runTestResultListener(TestInvoker.java:285)
at org.testng.internal.invokers.TestInvoker.invokeMethod(TestInvoker.java:647)
at org.testng.internal.invokers.TestInvoker.invokeTestMethod(TestInvoker.java:230)
at org.testng.internal.invokers.MethodRunner.runInSequence(MethodRunner.java:63)
at org.testng.internal.invokers.TestInvoker$MethodInvocationAgent.invoke(TestInvoker.java:992)
at org.testng.internal.invokers.TestInvoker.invokeTestMethods(TestInvoker.java:203)
at org.testng.internal.invokers.TestMethodWorker.invokeTestMethods(TestMethodWorker.java:154)
at org.testng.internal.invokers.TestMethodWorker.run(TestMethodWorker.java:134)
at java.base/java.util.ArrayList.forEach(ArrayList.java:1596)
at org.testng.TestRunner.privateRun(TestRunner.java:739)
at org.testng.TestRunner.run(TestRunner.java:614)
at org.testng.SuiteRunner.runTest(SuiteRunner.java:421)
at org.testng.SuiteRunner$SuiteWorker.run(SuiteRunner.java:463)
at org.testng.internal.thread.ThreadUtil.lambda$execute$0(ThreadUtil.java:64)
at java.base/java.util.concurrent.FutureTask.run(FutureTask.java:317)
at java.base/java.util.concurrent.ThreadPoolExecutor.runWorker(ThreadPoolExecutor.java:1144)
at java.base/java.util.concurrent.ThreadPoolExecutor$Worker.run(ThreadPoolExecutor.java:642)
at java.base/java.lang.Thread.run(Thread.java:1583)
]]>
            </full-stacktrace>
          </exception> <!-- java.lang.NullPointerException -->
          <reporter-output>
          </reporter-output>
        </test-method> <!-- createContactWithMobileTest -->
        <test-method is-config="true" signature="afterMethodCongig()[pri:0, instance:com.comcast.crm.contacttest.CreateContactTest@43c1b556]" started-at="2025-11-07T10:42:44 IST" name="afterMethodCongig" finished-at="2025-11-07T10:42:46 IST" duration-ms="1951" status="PASS">
          <reporter-output>
          </reporter-output>
        </test-method> <!-- afterMethodCongig -->
        <test-method is-config="true" signature="beforeMethodConfig()[pri:0, instance:com.comcast.crm.contacttest.CreateContactTest@43c1b556]" started-at="2025-11-07T10:42:46 IST" name="beforeMethodConfig" finished-at="2025-11-07T10:42:48 IST" duration-ms="1786" status="PASS">
          <reporter-output>
          </reporter-output>
        </test-method> <!-- beforeMethodConfig -->
        <test-method signature="createContactWithOrgTest()[pri:0, instance:com.comcast.crm.contacttest.CreateContactTest@43c1b556]" started-at="2025-11-07T10:42:48 IST" name="createContactWithOrgTest" finished-at="2025-11-07T10:42:48 IST" duration-ms="0" status="FAIL">
          <exception class="java.lang.NullPointerException">
            <message>
              <![CDATA[Cannot invoke "com.aventstack.extentreports.ExtentReports.createTest(String)" because "this.report" is null]]>
            </message>
            <full-stacktrace>
              <![CDATA[java.lang.NullPointerException: Cannot invoke "com.aventstack.extentreports.ExtentReports.createTest(String)" because "this.report" is null
at com.comcast.crm.generic.listeners.ListenersImpl.onTestStart(ListenersImpl.java:47)
at org.testng.internal.TestListenerHelper.runTestListeners(TestListenerHelper.java:122)
at org.testng.internal.invokers.TestInvoker.runTestResultListener(TestInvoker.java:285)
at org.testng.internal.invokers.TestInvoker.invokeMethod(TestInvoker.java:647)
at org.testng.internal.invokers.TestInvoker.invokeTestMethod(TestInvoker.java:230)
at org.testng.internal.invokers.MethodRunner.runInSequence(MethodRunner.java:63)
at org.testng.internal.invokers.TestInvoker$MethodInvocationAgent.invoke(TestInvoker.java:992)
at org.testng.internal.invokers.TestInvoker.invokeTestMethods(TestInvoker.java:203)
at org.testng.internal.invokers.TestMethodWorker.invokeTestMethods(TestMethodWorker.java:154)
at org.testng.internal.invokers.TestMethodWorker.run(TestMethodWorker.java:134)
at java.base/java.util.ArrayList.forEach(ArrayList.java:1596)
at org.testng.TestRunner.privateRun(TestRunner.java:739)
at org.testng.TestRunner.run(TestRunner.java:614)
at org.testng.SuiteRunner.runTest(SuiteRunner.java:421)
at org.testng.SuiteRunner$SuiteWorker.run(SuiteRunner.java:463)
at org.testng.internal.thread.ThreadUtil.lambda$execute$0(ThreadUtil.java:64)
at java.base/java.util.concurrent.FutureTask.run(FutureTask.java:317)
at java.base/java.util.concurrent.ThreadPoolExecutor.runWorker(ThreadPoolExecutor.java:1144)
at java.base/java.util.concurrent.ThreadPoolExecutor$Worker.run(ThreadPoolExecutor.java:642)
at java.base/java.lang.Thread.run(Thread.java:1583)
]]>
            </full-stacktrace>
          </exception> <!-- java.lang.NullPointerException -->
          <reporter-output>
          </reporter-output>
        </test-method> <!-- createContactWithOrgTest -->
        <test-method is-config="true" signature="afterMethodCongig()[pri:0, instance:com.comcast.crm.contacttest.CreateContactTest@43c1b556]" started-at="2025-11-07T10:42:48 IST" name="afterMethodCongig" finished-at="2025-11-07T10:42:50 IST" duration-ms="2067" status="PASS">
          <reporter-output>
          </reporter-output>
        </test-method> <!-- afterMethodCongig -->
        <test-method is-config="true" signature="afterClassConfig()[pri:0, instance:com.comcast.crm.contacttest.CreateContactTest@43c1b556]" started-at="2025-11-07T10:42:50 IST" name="afterClassConfig" finished-at="2025-11-07T10:42:51 IST" duration-ms="389" status="PASS">
          <reporter-output>
          </reporter-output>
        </test-method> <!-- afterClassConfig -->
        <test-method is-config="true" signature="afterSuiteConfig()[pri:0, instance:com.comcast.crm.contacttest.CreateContactTest@43c1b556]" started-at="2025-11-07T10:43:04 IST" name="afterSuiteConfig" finished-at="2025-11-07T10:43:04 IST" duration-ms="2" status="PASS">
          <reporter-output>
          </reporter-output>
        </test-method> <!-- afterSuiteConfig -->
      </class> <!-- com.comcast.crm.contacttest.CreateContactTest -->
    </test> <!-- Test-1 -->
    <test started-at="2025-11-07T10:42:37 IST" name="Test-2" finished-at="2025-11-07T10:43:04 IST" duration-ms="27043">
      <class name="com.comcast.crm.orgtest.CreateOrganizationTest">
        <test-method is-config="true" signature="beforeClassConfig(java.lang.String)[pri:0, instance:com.comcast.crm.orgtest.CreateOrganizationTest@5542c4ed]" started-at="2025-11-07T10:42:37 IST" name="beforeClassConfig" finished-at="2025-11-07T10:42:38 IST" duration-ms="1463" status="PASS">
          <params>
            <param index="0">
              <value>
                <![CDATA[chrome]]>
              </value>
            </param>
          </params>
          <reporter-output>
          </reporter-output>
        </test-method> <!-- beforeClassConfig -->
        <test-method is-config="true" signature="beforeMethodConfig()[pri:0, instance:com.comcast.crm.orgtest.CreateOrganizationTest@5542c4ed]" started-at="2025-11-07T10:42:38 IST" name="beforeMethodConfig" finished-at="2025-11-07T10:42:40 IST" duration-ms="1982" status="PASS">
          <reporter-output>
          </reporter-output>
        </test-method> <!-- beforeMethodConfig -->
        <test-method signature="createOrgWithIndustryTest()[pri:0, instance:com.comcast.crm.orgtest.CreateOrganizationTest@5542c4ed]" started-at="2025-11-07T10:42:40 IST" name="createOrgWithIndustryTest" finished-at="2025-11-07T10:42:47 IST" duration-ms="6642" status="PASS">
          <reporter-output>
            <line>
              <![CDATA[Navigated to Home Page]]>
            </line>
            <line>
              <![CDATA[Navigated to Organization Page]]>
            </line>
            <line>
              <![CDATA[Amazon2694 Organization Created]]>
            </line>
            <line>
              <![CDATA[Amazon2694 Info Verified]]>
            </line>
            <line>
              <![CDATA[Education Info Verified]]>
            </line>
            <line>
              <![CDATA[OrgID: ACC38980]]>
            </line>
          </reporter-output>
        </test-method> <!-- createOrgWithIndustryTest -->
        <test-method is-config="true" signature="afterMethodCongig()[pri:0, instance:com.comcast.crm.orgtest.CreateOrganizationTest@5542c4ed]" started-at="2025-11-07T10:42:47 IST" name="afterMethodCongig" finished-at="2025-11-07T10:42:48 IST" duration-ms="803" status="PASS">
          <reporter-output>
          </reporter-output>
        </test-method> <!-- afterMethodCongig -->
        <test-method is-config="true" signature="beforeMethodConfig()[pri:0, instance:com.comcast.crm.orgtest.CreateOrganizationTest@5542c4ed]" started-at="2025-11-07T10:42:48 IST" name="beforeMethodConfig" finished-at="2025-11-07T10:42:50 IST" duration-ms="1875" status="PASS">
          <reporter-output>
          </reporter-output>
        </test-method> <!-- beforeMethodConfig -->
        <test-method signature="createOrgWithTypeTest()[pri:0, instance:com.comcast.crm.orgtest.CreateOrganizationTest@5542c4ed]" started-at="2025-11-07T10:42:50 IST" name="createOrgWithTypeTest" finished-at="2025-11-07T10:42:55 IST" duration-ms="5404" status="PASS">
          <reporter-output>
            <line>
              <![CDATA[Navigated to Home Page]]>
            </line>
            <line>
              <![CDATA[Navigated to Organization Page]]>
            </line>
            <line>
              <![CDATA[Tesla2307 Organization Created]]>
            </line>
            <line>
              <![CDATA[Tesla2307 Info Verified]]>
            </line>
            <line>
              <![CDATA[Partner Info VErified]]>
            </line>
            <line>
              <![CDATA[OrgID: ACC38981]]>
            </line>
          </reporter-output>
        </test-method> <!-- createOrgWithTypeTest -->
        <test-method is-config="true" signature="afterMethodCongig()[pri:0, instance:com.comcast.crm.orgtest.CreateOrganizationTest@5542c4ed]" started-at="2025-11-07T10:42:55 IST" name="afterMethodCongig" finished-at="2025-11-07T10:42:56 IST" duration-ms="831" status="PASS">
          <reporter-output>
          </reporter-output>
        </test-method> <!-- afterMethodCongig -->
        <test-method is-config="true" signature="beforeMethodConfig()[pri:0, instance:com.comcast.crm.orgtest.CreateOrganizationTest@5542c4ed]" started-at="2025-11-07T10:42:56 IST" name="beforeMethodConfig" finished-at="2025-11-07T10:42:57 IST" duration-ms="1517" status="PASS">
          <reporter-output>
          </reporter-output>
        </test-method> <!-- beforeMethodConfig -->
        <test-method signature="createOrganizationTest()[pri:0, instance:com.comcast.crm.orgtest.CreateOrganizationTest@5542c4ed]" started-at="2025-11-07T10:42:57 IST" name="createOrganizationTest" finished-at="2025-11-07T10:43:03 IST" duration-ms="5188" status="PASS">
          <reporter-output>
            <line>
              <![CDATA[Navigated to Home Page]]>
            </line>
            <line>
              <![CDATA[Navigated to Organization Page]]>
            </line>
            <line>
              <![CDATA[ISRO106 Organization Created]]>
            </line>
            <line>
              <![CDATA[ISRO106 Info Verified]]>
            </line>
            <line>
              <![CDATA[OrgID: ACC38982]]>
            </line>
          </reporter-output>
        </test-method> <!-- createOrganizationTest -->
        <test-method is-config="true" signature="afterMethodCongig()[pri:0, instance:com.comcast.crm.orgtest.CreateOrganizationTest@5542c4ed]" started-at="2025-11-07T10:43:03 IST" name="afterMethodCongig" finished-at="2025-11-07T10:43:04 IST" duration-ms="1008" status="PASS">
          <reporter-output>
          </reporter-output>
        </test-method> <!-- afterMethodCongig -->
        <test-method is-config="true" signature="afterClassConfig()[pri:0, instance:com.comcast.crm.orgtest.CreateOrganizationTest@5542c4ed]" started-at="2025-11-07T10:43:04 IST" name="afterClassConfig" finished-at="2025-11-07T10:43:04 IST" duration-ms="251" status="PASS">
          <reporter-output>
          </reporter-output>
        </test-method> <!-- afterClassConfig -->
      </class> <!-- com.comcast.crm.orgtest.CreateOrganizationTest -->
    </test> <!-- Test-2 -->
  </suite> <!-- Suite -->
</testng-results>
